Array
(
    [time] => Wed, 12 Jan 2011 18:27:52 -0600
    [addr] => ******O-PC.lan
    [agent] => Shockwave Flash
    [get] => Array
        (
            [sClave] => 03c2e5ba22
        )

    [post] => Array
        (
            [Filename] => Chrysanthemum.jpg
            [Upload] => Submit Query
        )

    [files] => Array
        (
            [Filedata] => Array
                (
                    [name] => Chrysanthemum.jpg
                    [type] => application/octet-stream
                    [tmp_name] => C:\WINDOWS\Temp\php1EA.tmp
                    [error] => 0
                    [size] => 879394
                )

        )

)

---
Array
(
    [time] => Wed, 12 Jan 2011 18:27:52 -0600
    [addr] => ******O-PC.lan
    [agent] => Shockwave Flash
    [get] => Array
        (
            [sClave] => 03c2e5ba22
        )

    [post] => Array
        (
            [Filename] => Desert.jpg
            [Upload] => Submit Query
        )

    [files] => Array
        (
            [Filedata] => Array
                (
                    [name] => Desert.jpg
                    [type] => application/octet-stream
                    [tmp_name] => C:\WINDOWS\Temp\php1EB.tmp
                    [error] => 0
                    [size] => 845941
                )

        )

)

---
Array
(
    [time] => Wed, 12 Jan 2011 18:27:52 -0600
    [addr] => ******O-PC.lan
    [agent] => Shockwave Flash
    [get] => Array
        (
            [sClave] => 03c2e5ba22
        )

    [post] => Array
        (
            [Filename] => Hydrangeas.jpg
            [Upload] => Submit Query
        )

    [files] => Array
        (
            [Filedata] => Array
                (
                    [name] => Hydrangeas.jpg
                    [type] => application/octet-stream
                    [tmp_name] => C:\WINDOWS\Temp\php1EC.tmp
                    [error] => 0
                    [size] => 595284
                )

        )

)

---
Array
(
    [time] => Wed, 12 Jan 2011 18:27:53 -0600
    [addr] => ******O-PC.lan
    [agent] => Shockwave Flash
    [get] => Array
        (
            [sClave] => 03c2e5ba22
        )

    [post] => Array
        (
            [Filename] => Jellyfish.jpg
            [Upload] => Submit Query
        )

    [files] => Array
        (
            [Filedata] => Array
                (
                    [name] => Jellyfish.jpg
                    [type] => application/octet-stream
                    [tmp_name] => C:\WINDOWS\Temp\php1ED.tmp
                    [error] => 0
                    [size] => 775702
                )

        )

)

---
Array
(
    [time] => Wed, 12 Jan 2011 18:27:53 -0600
    [addr] => ******O-PC.lan
    [agent] => Shockwave Flash
    [get] => Array
        (
            [sClave] => 03c2e5ba22
        )

    [post] => Array
        (
            [Filename] => Koala.jpg
            [Upload] => Submit Query
        )

    [files] => Array
        (
            [Filedata] => Array
                (
                    [name] => Koala.jpg
                    [type] => application/octet-stream
                    [tmp_name] => C:\WINDOWS\Temp\php1EE.tmp
                    [error] => 0
                    [size] => 780831
                )

        )

)

---
Array
(
    [time] => Wed, 12 Jan 2011 18:27:53 -0600
    [addr] => ******O-PC.lan
    [agent] => Shockwave Flash
    [get] => Array
        (
            [sClave] => 03c2e5ba22
        )

    [post] => Array
        (
            [Filename] => Lighthouse.jpg
            [Upload] => Submit Query
        )

    [files] => Array
        (
            [Filedata] => Array
                (
                    [name] => Lighthouse.jpg
                    [type] => application/octet-stream
                    [tmp_name] => C:\WINDOWS\Temp\php1EF.tmp
                    [error] => 0
                    [size] => 561276
                )

        )

)

---
Array
(
    [time] => Wed, 12 Jan 2011 18:27:53 -0600
    [addr] => ******O-PC.lan
    [agent] => Shockwave Flash
    [get] => Array
        (
            [sClave] => 03c2e5ba22
        )

    [post] => Array
        (
            [Filename] => Penguins.jpg
            [Upload] => Submit Query
        )

    [files] => Array
        (
            [Filedata] => Array
                (
                    [name] => Penguins.jpg
                    [type] => application/octet-stream
                    [tmp_name] => C:\WINDOWS\Temp\php1F0.tmp
                    [error] => 0
                    [size] => 777835
                )

        )

)

---
Array
(
    [time] => Wed, 12 Jan 2011 18:27:53 -0600
    [addr] => ******O-PC.lan
    [agent] => Shockwave Flash
    [get] => Array
        (
            [sClave] => 03c2e5ba22
        )

    [post] => Array
        (
            [Filename] => Tulips.jpg
            [Upload] => Submit Query
        )

    [files] => Array
        (
            [Filedata] => Array
                (
                    [name] => Tulips.jpg
                    [type] => application/octet-stream
                    [tmp_name] => C:\WINDOWS\Temp\php1F1.tmp
                    [error] => 0
                    [size] => 620888
                )

        )

)

---
Array
(
    [time] => Wed, 12 Jan 2011 19:00:14 -0600
    [addr] => ******O-PC.lan
    [agent] => Shockwave Flash
    [get] => Array
        (
            [sClave] => 03c2e5ba22
        )

    [post] => Array
        (
            [Filename] => Chrysanthemum.jpg
            [Upload] => Submit Query
        )

    [files] => Array
        (
            [Filedata] => Array
                (
                    [name] => Chrysanthemum.jpg
                    [type] => application/octet-stream
                    [tmp_name] => C:\WINDOWS\Temp\php1F2.tmp
                    [error] => 0
                    [size] => 879394
                )

        )

)

---
Array
(
    [time] => Wed, 12 Jan 2011 19:00:14 -0600
    [addr] => ******O-PC.lan
    [agent] => Shockwave Flash
    [get] => Array
        (
            [sClave] => 03c2e5ba22
        )

    [post] => Array
        (
            [Filename] => Desert.jpg
            [Upload] => Submit Query
        )

    [files] => Array
        (
            [Filedata] => Array
                (
                    [name] => Desert.jpg
                    [type] => application/octet-stream
                    [tmp_name] => C:\WINDOWS\Temp\php1F3.tmp
                    [error] => 0
                    [size] => 845941
                )

        )

)

---
Array
(
    [time] => Wed, 12 Jan 2011 19:00:14 -0600
    [addr] => ******O-PC.lan
    [agent] => Shockwave Flash
    [get] => Array
        (
            [sClave] => 03c2e5ba22
        )

    [post] => Array
        (
            [Filename] => Hydrangeas.jpg
            [Upload] => Submit Query
        )

    [files] => Array
        (
            [Filedata] => Array
                (
                    [name] => Hydrangeas.jpg
                    [type] => application/octet-stream
                    [tmp_name] => C:\WINDOWS\Temp\php1F4.tmp
                    [error] => 0
                    [size] => 595284
                )

        )

)

---
Array
(
    [time] => Wed, 12 Jan 2011 19:00:15 -0600
    [addr] => ******O-PC.lan
    [agent] => Shockwave Flash
    [get] => Array
        (
            [sClave] => 03c2e5ba22
        )

    [post] => Array
        (
            [Filename] => Jellyfish.jpg
            [Upload] => Submit Query
        )

    [files] => Array
        (
            [Filedata] => Array
                (
                    [name] => Jellyfish.jpg
                    [type] => application/octet-stream
                    [tmp_name] => C:\WINDOWS\Temp\php1F5.tmp
                    [error] => 0
                    [size] => 775702
                )

        )

)

---
Array
(
    [time] => Wed, 12 Jan 2011 19:00:15 -0600
    [addr] => ******O-PC.lan
    [agent] => Shockwave Flash
    [get] => Array
        (
            [sClave] => 03c2e5ba22
        )

    [post] => Array
        (
            [Filename] => Koala.jpg
            [Upload] => Submit Query
        )

    [files] => Array
        (
            [Filedata] => Array
                (
                    [name] => Koala.jpg
                    [type] => application/octet-stream
                    [tmp_name] => C:\WINDOWS\Temp\php1F6.tmp
                    [error] => 0
                    [size] => 780831
                )

        )

)

---
Array
(
    [time] => Wed, 12 Jan 2011 19:00:15 -0600
    [addr] => ******O-PC.lan
    [agent] => Shockwave Flash
    [get] => Array
        (
            [sClave] => 03c2e5ba22
        )

    [post] => Array
        (
            [Filename] => Lighthouse.jpg
            [Upload] => Submit Query
        )

    [files] => Array
        (
            [Filedata] => Array
                (
                    [name] => Lighthouse.jpg
                    [type] => application/octet-stream
                    [tmp_name] => C:\WINDOWS\Temp\php1F7.tmp
                    [error] => 0
                    [size] => 561276
                )

        )

)

---
Array
(
    [time] => Wed, 12 Jan 2011 19:00:15 -0600
    [addr] => ******O-PC.lan
    [agent] => Shockwave Flash
    [get] => Array
        (
            [sClave] => 03c2e5ba22
        )

    [post] => Array
        (
            [Filename] => Penguins.jpg
            [Upload] => Submit Query
        )

    [files] => Array
        (
            [Filedata] => Array
                (
                    [name] => Penguins.jpg
                    [type] => application/octet-stream
                    [tmp_name] => C:\WINDOWS\Temp\php1F8.tmp
                    [error] => 0
                    [size] => 777835
                )

        )

)

---
Array
(
    [time] => Wed, 12 Jan 2011 19:00:15 -0600
    [addr] => ******O-PC.lan
    [agent] => Shockwave Flash
    [get] => Array
        (
            [sClave] => 03c2e5ba22
        )

    [post] => Array
        (
            [Filename] => Tulips.jpg
            [Upload] => Submit Query
        )

    [files] => Array
        (
            [Filedata] => Array
                (
                    [name] => Tulips.jpg
                    [type] => application/octet-stream
                    [tmp_name] => C:\WINDOWS\Temp\php1F9.tmp
                    [error] => 0
                    [size] => 620888
                )

        )

)

---
Array
(
    [time] => Wed, 12 Jan 2011 19:07:56 -0600
    [addr] => ******O-PC.lan
    [agent] => Shockwave Flash
    [get] => Array
        (
            [sClave] => 13d763a583
        )

    [post] => Array
        (
            [Filename] => Chrysanthemum.jpg
            [Upload] => Submit Query
        )

    [files] => Array
        (
            [Filedata] => Array
                (
                    [name] => Chrysanthemum.jpg
                    [type] => application/octet-stream
                    [tmp_name] => C:\WINDOWS\Temp\php1FA.tmp
                    [error] => 0
                    [size] => 879394
                )

        )

)

---
Array
(
    [time] => Wed, 12 Jan 2011 19:07:57 -0600
    [addr] => ******O-PC.lan
    [agent] => Shockwave Flash
    [get] => Array
        (
            [sClave] => 13d763a583
        )

    [post] => Array
        (
            [Filename] => Desert.jpg
            [Upload] => Submit Query
        )

    [files] => Array
        (
            [Filedata] => Array
                (
                    [name] => Desert.jpg
                    [type] => application/octet-stream
                    [tmp_name] => C:\WINDOWS\Temp\php1FB.tmp
                    [error] => 0
                    [size] => 845941
                )

        )

)

---
Array
(
    [time] => Wed, 12 Jan 2011 19:07:57 -0600
    [addr] => ******O-PC.lan
    [agent] => Shockwave Flash
    [get] => Array
        (
            [sClave] => 13d763a583
        )

    [post] => Array
        (
            [Filename] => Hydrangeas.jpg
            [Upload] => Submit Query
        )

    [files] => Array
        (
            [Filedata] => Array
                (
                    [name] => Hydrangeas.jpg
                    [type] => application/octet-stream
                    [tmp_name] => C:\WINDOWS\Temp\php1FC.tmp
                    [error] => 0
                    [size] => 595284
                )

        )

)

---
Array
(
    [time] => Wed, 12 Jan 2011 19:07:57 -0600
    [addr] => ******O-PC.lan
    [agent] => Shockwave Flash
    [get] => Array
        (
            [sClave] => 13d763a583
        )

    [post] => Array
        (
            [Filename] => Jellyfish.jpg
            [Upload] => Submit Query
        )

    [files] => Array
        (
            [Filedata] => Array
                (
                    [name] => Jellyfish.jpg
                    [type] => application/octet-stream
                    [tmp_name] => C:\WINDOWS\Temp\php1FD.tmp
                    [error] => 0
                    [size] => 775702
                )

        )

)

---
Array
(
    [time] => Wed, 12 Jan 2011 19:07:57 -0600
    [addr] => ******O-PC.lan
    [agent] => Shockwave Flash
    [get] => Array
        (
            [sClave] => 13d763a583
        )

    [post] => Array
        (
            [Filename] => Koala.jpg
            [Upload] => Submit Query
        )

    [files] => Array
        (
            [Filedata] => Array
                (
                    [name] => Koala.jpg
                    [type] => application/octet-stream
                    [tmp_name] => C:\WINDOWS\Temp\php1FE.tmp
                    [error] => 0
                    [size] => 780831
                )

        )

)

---
Array
(
    [time] => Wed, 12 Jan 2011 19:07:57 -0600
    [addr] => ******O-PC.lan
    [agent] => Shockwave Flash
    [get] => Array
        (
            [sClave] => 13d763a583
        )

    [post] => Array
        (
            [Filename] => Lighthouse.jpg
            [Upload] => Submit Query
        )

    [files] => Array
        (
            [Filedata] => Array
                (
                    [name] => Lighthouse.jpg
                    [type] => application/octet-stream
                    [tmp_name] => C:\WINDOWS\Temp\php1FF.tmp
                    [error] => 0
                    [size] => 561276
                )

        )

)

---
Array
(
    [time] => Wed, 12 Jan 2011 19:07:57 -0600
    [addr] => ******O-PC.lan
    [agent] => Shockwave Flash
    [get] => Array
        (
            [sClave] => 13d763a583
        )

    [post] => Array
        (
            [Filename] => Penguins.jpg
            [Upload] => Submit Query
        )

    [files] => Array
        (
            [Filedata] => Array
                (
                    [name] => Penguins.jpg
                    [type] => application/octet-stream
                    [tmp_name] => C:\WINDOWS\Temp\php200.tmp
                    [error] => 0
                    [size] => 777835
                )

        )

)

---
Array
(
    [time] => Wed, 12 Jan 2011 19:07:57 -0600
    [addr] => ******O-PC.lan
    [agent] => Shockwave Flash
    [get] => Array
        (
            [sClave] => 13d763a583
        )

    [post] => Array
        (
            [Filename] => Tulips.jpg
            [Upload] => Submit Query
        )

    [files] => Array
        (
            [Filedata] => Array
                (
                    [name] => Tulips.jpg
                    [type] => application/octet-stream
                    [tmp_name] => C:\WINDOWS\Temp\php201.tmp
                    [error] => 0
                    [size] => 620888
                )

        )

)

---
Array
(
    [time] => Thu, 13 Jan 2011 20:27:41 -0600
    [addr] => ******O-PC
    [agent] => Shockwave Flash
    [get] => Array
        (
            [sClave] => 13d763a583
        )

    [post] => Array
        (
            [Filename] => Chrysanthemum.jpg
            [Upload] => Submit Query
        )

    [files] => Array
        (
            [Filedata] => Array
                (
                    [name] => Chrysanthemum.jpg
                    [type] => application/octet-stream
                    [tmp_name] => C:\WINDOWS\Temp\php202.tmp
                    [error] => 0
                    [size] => 879394
                )

        )

)

---
Array
(
    [time] => Thu, 13 Jan 2011 20:27:41 -0600
    [addr] => ******O-PC
    [agent] => Shockwave Flash
    [get] => Array
        (
            [sClave] => 13d763a583
        )

    [post] => Array
        (
            [Filename] => Desert.jpg
            [Upload] => Submit Query
        )

    [files] => Array
        (
            [Filedata] => Array
                (
                    [name] => Desert.jpg
                    [type] => application/octet-stream
                    [tmp_name] => C:\WINDOWS\Temp\php203.tmp
                    [error] => 0
                    [size] => 845941
                )

        )

)

---
Array
(
    [time] => Thu, 13 Jan 2011 20:27:41 -0600
    [addr] => ******O-PC
    [agent] => Shockwave Flash
    [get] => Array
        (
            [sClave] => 13d763a583
        )

    [post] => Array
        (
            [Filename] => Hydrangeas.jpg
            [Upload] => Submit Query
        )

    [files] => Array
        (
            [Filedata] => Array
                (
                    [name] => Hydrangeas.jpg
                    [type] => application/octet-stream
                    [tmp_name] => C:\WINDOWS\Temp\php204.tmp
                    [error] => 0
                    [size] => 595284
                )

        )

)

---
Array
(
    [time] => Thu, 13 Jan 2011 20:27:41 -0600
    [addr] => ******O-PC
    [agent] => Shockwave Flash
    [get] => Array
        (
            [sClave] => 13d763a583
        )

    [post] => Array
        (
            [Filename] => Jellyfish.jpg
            [Upload] => Submit Query
        )

    [files] => Array
        (
            [Filedata] => Array
                (
                    [name] => Jellyfish.jpg
                    [type] => application/octet-stream
                    [tmp_name] => C:\WINDOWS\Temp\php205.tmp
                    [error] => 0
                    [size] => 775702
                )

        )

)

---
Array
(
    [time] => Thu, 13 Jan 2011 20:27:41 -0600
    [addr] => ******O-PC
    [agent] => Shockwave Flash
    [get] => Array
        (
            [sClave] => 13d763a583
        )

    [post] => Array
        (
            [Filename] => Koala.jpg
            [Upload] => Submit Query
        )

    [files] => Array
        (
            [Filedata] => Array
                (
                    [name] => Koala.jpg
                    [type] => application/octet-stream
                    [tmp_name] => C:\WINDOWS\Temp\php206.tmp
                    [error] => 0
                    [size] => 780831
                )

        )

)

---
Array
(
    [time] => Thu, 13 Jan 2011 20:27:41 -0600
    [addr] => ******O-PC
    [agent] => Shockwave Flash
    [get] => Array
        (
            [sClave] => 13d763a583
        )

    [post] => Array
        (
            [Filename] => Lighthouse.jpg
            [Upload] => Submit Query
        )

    [files] => Array
        (
            [Filedata] => Array
                (
                    [name] => Lighthouse.jpg
                    [type] => application/octet-stream
                    [tmp_name] => C:\WINDOWS\Temp\php207.tmp
                    [error] => 0
                    [size] => 561276
                )

        )

)

---
Array
(
    [time] => Thu, 13 Jan 2011 20:27:42 -0600
    [addr] => ******O-PC
    [agent] => Shockwave Flash
    [get] => Array
        (
            [sClave] => 13d763a583
        )

    [post] => Array
        (
            [Filename] => Penguins.jpg
            [Upload] => Submit Query
        )

    [files] => Array
        (
            [Filedata] => Array
                (
                    [name] => Penguins.jpg
                    [type] => application/octet-stream
                    [tmp_name] => C:\WINDOWS\Temp\php208.tmp
                    [error] => 0
                    [size] => 777835
                )

        )

)

---
Array
(
    [time] => Thu, 13 Jan 2011 20:27:42 -0600
    [addr] => ******O-PC
    [agent] => Shockwave Flash
    [get] => Array
        (
            [sClave] => 13d763a583
        )

    [post] => Array
        (
            [Filename] => Tulips.jpg
            [Upload] => Submit Query
        )

    [files] => Array
        (
            [Filedata] => Array
                (
                    [name] => Tulips.jpg
                    [type] => application/octet-stream
                    [tmp_name] => C:\WINDOWS\Temp\php209.tmp
                    [error] => 0
                    [size] => 620888
                )

        )

)

---
Array
(
    [time] => Thu, 13 Jan 2011 22:48:19 -0600
    [addr] => ******O-PC
    [agent] => Shockwave Flash
    [get] => Array
        (
            [sClave] => d841da80f8
        )

    [post] => Array
        (
            [Filename] => Koala.jpg
            [Upload] => Submit Query
        )

    [files] => Array
        (
            [Filedata] => Array
                (
                    [name] => Koala.jpg
                    [type] => application/octet-stream
                    [tmp_name] => C:\WINDOWS\Temp\php20A.tmp
                    [error] => 0
                    [size] => 780831
                )

        )

)

---
Array
(
    [time] => Thu, 13 Jan 2011 22:48:19 -0600
    [addr] => ******O-PC
    [agent] => Shockwave Flash
    [get] => Array
        (
            [sClave] => d841da80f8
        )

    [post] => Array
        (
            [Filename] => Lighthouse.jpg
            [Upload] => Submit Query
        )

    [files] => Array
        (
            [Filedata] => Array
                (
                    [name] => Lighthouse.jpg
                    [type] => application/octet-stream
                    [tmp_name] => C:\WINDOWS\Temp\php20B.tmp
                    [error] => 0
                    [size] => 561276
                )

        )

)

---
Array
(
    [time] => Thu, 13 Jan 2011 22:48:19 -0600
    [addr] => ******O-PC
    [agent] => Shockwave Flash
    [get] => Array
        (
            [sClave] => d841da80f8
        )

    [post] => Array
        (
            [Filename] => Penguins.jpg
            [Upload] => Submit Query
        )

    [files] => Array
        (
            [Filedata] => Array
                (
                    [name] => Penguins.jpg
                    [type] => application/octet-stream
                    [tmp_name] => C:\WINDOWS\Temp\php20C.tmp
                    [error] => 0
                    [size] => 777835
                )

        )

)

---
Array
(
    [time] => Thu, 13 Jan 2011 22:48:19 -0600
    [addr] => ******O-PC
    [agent] => Shockwave Flash
    [get] => Array
        (
            [sClave] => d841da80f8
        )

    [post] => Array
        (
            [Filename] => Tulips.jpg
            [Upload] => Submit Query
        )

    [files] => Array
        (
            [Filedata] => Array
                (
                    [name] => Tulips.jpg
                    [type] => application/octet-stream
                    [tmp_name] => C:\WINDOWS\Temp\php20D.tmp
                    [error] => 0
                    [size] => 620888
                )

        )

)

---
Array
(
    [time] => Thu, 13 Jan 2011 23:09:06 -0600
    [addr] => ******O-PC
    [agent] => Shockwave Flash
    [get] => Array
        (
            [sClave] => d841da80f8
        )

    [post] => Array
        (
            [Filename] => reporte (1).PDF
            [Upload] => Submit Query
        )

    [files] => Array
        (
            [Filedata] => Array
                (
                    [name] => reporte (1).PDF
                    [type] => application/octet-stream
                    [tmp_name] => C:\WINDOWS\Temp\php20E.tmp
                    [error] => 0
                    [size] => 1438
                )

        )

)

---
Array
(
    [time] => Thu, 13 Jan 2011 23:09:06 -0600
    [addr] => ******O-PC
    [agent] => Shockwave Flash
    [get] => Array
        (
            [sClave] => d841da80f8
        )

    [post] => Array
        (
            [Filename] => reporte (2).PDF
            [Upload] => Submit Query
        )

    [files] => Array
        (
            [Filedata] => Array
                (
                    [name] => reporte (2).PDF
                    [type] => application/octet-stream
                    [tmp_name] => C:\WINDOWS\Temp\php20F.tmp
                    [error] => 0
                    [size] => 14316
                )

        )

)

---
Array
(
    [time] => Thu, 13 Jan 2011 23:09:06 -0600
    [addr] => ******O-PC
    [agent] => Shockwave Flash
    [get] => Array
        (
            [sClave] => d841da80f8
        )

    [post] => Array
        (
            [Filename] => reporte (3).PDF
            [Upload] => Submit Query
        )

    [files] => Array
        (
            [Filedata] => Array
                (
                    [name] => reporte (3).PDF
                    [type] => application/octet-stream
                    [tmp_name] => C:\WINDOWS\Temp\php210.tmp
                    [error] => 0
                    [size] => 316787
                )

        )

)

---
Array
(
    [time] => Thu, 13 Jan 2011 23:09:06 -0600
    [addr] => ******O-PC
    [agent] => Shockwave Flash
    [get] => Array
        (
            [sClave] => d841da80f8
        )

    [post] => Array
        (
            [Filename] => reporte (4).PDF
            [Upload] => Submit Query
        )

    [files] => Array
        (
            [Filedata] => Array
                (
                    [name] => reporte (4).PDF
                    [type] => application/octet-stream
                    [tmp_name] => C:\WINDOWS\Temp\php211.tmp
                    [error] => 0
                    [size] => 316787
                )

        )

)

---
Array
(
    [time] => Fri, 14 Jan 2011 00:13:30 -0600
    [addr] => ******O-PC
    [agent] => Shockwave Flash
    [get] => Array
        (
            [sClave] => b9a8f4af85
        )

    [post] => Array
        (
            [Filename] => reporte (6).PDF
            [Upload] => Submit Query
        )

    [files] => Array
        (
            [Filedata] => Array
                (
                    [name] => reporte (6).PDF
                    [type] => application/octet-stream
                    [tmp_name] => C:\WINDOWS\Temp\php212.tmp
                    [error] => 0
                    [size] => 10832
                )

        )

)

---
Array
(
    [time] => Fri, 14 Jan 2011 09:59:34 -0600
    [addr] => ******O-PC.lan
    [agent] => Shockwave Flash
    [get] => Array
        (
            [sClave] => d841da80f8
        )

    [post] => Array
        (
            [Filename] => ordenes (1).xls
            [Upload] => Submit Query
        )

    [files] => Array
        (
            [Filedata] => Array
                (
                    [name] => ordenes (1).xls
                    [type] => application/octet-stream
                    [tmp_name] => C:\WINDOWS\Temp\php213.tmp
                    [error] => 0
                    [size] => 10279
                )

        )

)

---
Array
(
    [time] => Fri, 14 Jan 2011 09:59:34 -0600
    [addr] => ******O-PC.lan
    [agent] => Shockwave Flash
    [get] => Array
        (
            [sClave] => d841da80f8
        )

    [post] => Array
        (
            [Filename] => A 323.docx
            [Upload] => Submit Query
        )

    [files] => Array
        (
            [Filedata] => Array
                (
                    [name] => A 323.docx
                    [type] => application/octet-stream
                    [tmp_name] => C:\WINDOWS\Temp\php214.tmp
                    [error] => 0
                    [size] => 16974
                )

        )

)

---
Array
(
    [time] => Fri, 14 Jan 2011 09:59:35 -0600
    [addr] => ******O-PC.lan
    [agent] => Shockwave Flash
    [get] => Array
        (
            [sClave] => d841da80f8
        )

    [post] => Array
        (
            [Filename] => COMANDOS AT (1).doc
            [Upload] => Submit Query
        )

    [files] => Array
        (
            [Filedata] => Array
                (
                    [name] => COMANDOS AT (1).doc
                    [type] => application/octet-stream
                    [tmp_name] => C:\WINDOWS\Temp\php215.tmp
                    [error] => 0
                    [size] => 43520
                )

        )

)

---
Array
(
    [time] => Fri, 14 Jan 2011 09:59:35 -0600
    [addr] => ******O-PC.lan
    [agent] => Shockwave Flash
    [get] => Array
        (
            [sClave] => d841da80f8
        )

    [post] => Array
        (
            [Filename] => lectordefeed.rar
            [Upload] => Submit Query
        )

    [files] => Array
        (
            [Filedata] => Array
                (
                    [name] => lectordefeed.rar
                    [type] => application/octet-stream
                    [tmp_name] => C:\WINDOWS\Temp\php216.tmp
                    [error] => 0
                    [size] => 1172
                )

        )

)

---
Array
(
    [time] => Fri, 14 Jan 2011 09:59:35 -0600
    [addr] => ******O-PC.lan
    [agent] => Shockwave Flash
    [get] => Array
        (
            [sClave] => d841da80f8
        )

    [post] => Array
        (
            [Filename] => cron.pl.zip
            [Upload] => Submit Query
        )

    [files] => Array
        (
            [Filedata] => Array
                (
                    [name] => cron.pl.zip
                    [type] => application/octet-stream
                    [tmp_name] => C:\WINDOWS\Temp\php217.tmp
                    [error] => 0
                    [size] => 3703
                )

        )

)

---
Array
(
    [time] => Fri, 14 Jan 2011 09:59:35 -0600
    [addr] => ******O-PC.lan
    [agent] => Shockwave Flash
    [get] => Array
        (
            [sClave] => d841da80f8
        )

    [post] => Array
        (
            [Filename] => cron_for_windows.zip
            [Upload] => Submit Query
        )

    [files] => Array
        (
            [Filedata] => Array
                (
                    [name] => cron_for_windows.zip
                    [type] => 
                    [tmp_name] => 
                    [error] => 1
                    [size] => 0
                )

        )

)

---
Array
(
    [time] => Fri, 14 Jan 2011 09:59:36 -0600
    [addr] => ******O-PC.lan
    [agent] => Shockwave Flash
    [get] => Array
        (
            [sClave] => d841da80f8
        )

    [post] => Array
        (
            [Filename] => LA AMADA.pps
            [Upload] => Submit Query
        )

    [files] => Array
        (
            [Filedata] => Array
                (
                    [name] => LA AMADA.pps
                    [type] => 
                    [tmp_name] => 
                    [error] => 1
                    [size] => 0
                )

        )

)

---
Array
(
    [time] => Fri, 14 Jan 2011 09:59:36 -0600
    [addr] => ******O-PC.lan
    [agent] => Shockwave Flash
    [get] => Array
        (
            [sClave] => d841da80f8
        )

    [post] => Array
        (
            [Filename] => fea_fe.ppt
            [Upload] => Submit Query
        )

    [files] => Array
        (
            [Filedata] => Array
                (
                    [name] => fea_fe.ppt
                    [type] => 
                    [tmp_name] => 
                    [error] => 1
                    [size] => 0
                )

        )

)

---
Array
(
    [time] => Fri, 14 Jan 2011 15:38:29 -0600
    [addr] => ******ink39-203.telefonia.InterCable.net
    [agent] => Adobe Flash Player 10
    [get] => Array
        (
            [sClave] => 4b7591879c
        )

    [post] => Array
        (
            [Filename] => catalogoDigital.jpg
            [Upload] => Submit Query
        )

    [files] => Array
        (
            [Filedata] => Array
                (
                    [name] => catalogoDigital.jpg
                    [type] => 
                    [tmp_name] => 
                    [error] => 1
                    [size] => 0
                )

        )

)

---
Array
(
    [time] => Fri, 14 Jan 2011 15:38:36 -0600
    [addr] => ******ink39-203.telefonia.InterCable.net
    [agent] => Adobe Flash Player 10
    [get] => Array
        (
            [sClave] => 4b7591879c
        )

    [post] => Array
        (
            [Filename] => didmat.pdf
            [Upload] => Submit Query
        )

    [files] => Array
        (
            [Filedata] => Array
                (
                    [name] => didmat.pdf
                    [type] => application/octet-stream
                    [tmp_name] => C:\WINDOWS\Temp\php21C.tmp
                    [error] => 0
                    [size] => 353916
                )

        )

)

---
Array
(
    [time] => Fri, 14 Jan 2011 15:38:39 -0600
    [addr] => ******ink39-203.telefonia.InterCable.net
    [agent] => Adobe Flash Player 10
    [get] => Array
        (
            [sClave] => 4b7591879c
        )

    [post] => Array
        (
            [Filename] => matematicas.pdf
            [Upload] => Submit Query
        )

    [files] => Array
        (
            [Filedata] => Array
                (
                    [name] => matematicas.pdf
                    [type] => application/octet-stream
                    [tmp_name] => C:\WINDOWS\Temp\php21D.tmp
                    [error] => 0
                    [size] => 165850
                )

        )

)

---
Array
(
    [time] => Fri, 14 Jan 2011 17:20:26 -0600
    [addr] => ******ink39-203.telefonia.InterCable.net
    [agent] => Adobe Flash Player 10
    [get] => Array
        (
            [sClave] => 2da6a99a5c
        )

    [post] => Array
        (
            [Filename] => catalogoDigital.jpg
            [Upload] => Submit Query
        )

    [files] => Array
        (
            [Filedata] => Array
                (
                    [name] => catalogoDigital.jpg
                    [type] => 
                    [tmp_name] => 
                    [error] => 1
                    [size] => 0
                )

        )

)

---
Array
(
    [time] => Fri, 14 Jan 2011 17:21:21 -0600
    [addr] => ******ink39-203.telefonia.InterCable.net
    [agent] => Adobe Flash Player 10
    [get] => Array
        (
            [sClave] => 2da6a99a5c
        )

    [post] => Array
        (
            [Filename] => CV_GML_EN.pdf
            [Upload] => Submit Query
        )

    [files] => Array
        (
            [Filedata] => Array
                (
                    [name] => CV_GML_EN.pdf
                    [type] => application/octet-stream
                    [tmp_name] => C:\WINDOWS\Temp\php21F.tmp
                    [error] => 0
                    [size] => 70773
                )

        )

)

---
